<?xml version="1.0" encoding="UTF-8"?>
<!-- Generated by org.testng.reporters.JUnitReportReporter -->
<testsuite hostname="NazZel" name="MultipleWindow.MultipleWindow" tests="1" failures="0" timestamp="17 Apr 2016 05:44:27 GMT" time="13.435" errors="0">
  <testcase name="ExpecteddCondition" time="13.435" classname="MultipleWindow.MultipleWindow"/>
</testsuite> <!-- MultipleWindow.MultipleWindow -->
